<?xml version="1.0" encoding="UTF-8"?>
<!-- Generated by org.testng.reporters.JUnitReportReporter -->
<testsuite hostname="Sathwik" failures="0" tests="1" name="testngPrograms.firstprogram1" time="6.735" errors="0" timestamp="2022-12-07T08:18:13 EST" skipped="0">
  <testcase classname="testngPrograms.firstprogram1" name="demo1" time="6.735"/>
  <system-out/>
</testsuite> <!-- testngPrograms.firstprogram1 -->
