<?xml version="1.0" encoding="UTF-8"?>
<!-- Generated by org.testng.reporters.JUnitReportReporter -->
<testsuite hostname="Sathwik" failures="0" tests="5" name="testngPrograms.fourthprogram" time="29.945" errors="0" timestamp="2022-12-06T07:44:44 EST" skipped="0">
  <testcase classname="testngPrograms.fourthprogram" name="demo5" time="6.085"/>
  <system-out/>
  <testcase classname="testngPrograms.fourthprogram" name="demo4" time="9.829"/>
  <system-out/>
  <testcase classname="testngPrograms.fourthprogram" name="demo3" time="5.086"/>
  <system-out/>
  <testcase classname="testngPrograms.fourthprogram" name="demo2" time="4.871"/>
  <system-out/>
  <testcase classname="testngPrograms.fourthprogram" name="demo" time="4.074"/>
  <system-out/>
</testsuite> <!-- testngPrograms.fourthprogram -->
