<?xml version="1.0" encoding="UTF-8"?>
<!-- Generated by org.testng.reporters.JUnitReportReporter -->
<testsuite hostname="Sathwik" failures="0" tests="3" name="testngPrograms.TestngFirstProgram" time="15.668" errors="0" timestamp="2022-12-06T08:12:20 EST" skipped="0">
  <testcase classname="testngPrograms.TestngFirstProgram" name="demo" time="4.330"/>
  <system-out/>
  <testcase classname="testngPrograms.TestngFirstProgram" name="demoone" time="5.688"/>
  <system-out/>
  <testcase classname="testngPrograms.TestngFirstProgram" name="demotwo" time="5.650"/>
  <system-out/>
</testsuite> <!-- testngPrograms.TestngFirstProgram -->
