<?xml version="1.0" encoding="UTF-8"?>
<!-- Generated by org.testng.reporters.JUnitReportReporter -->
<testsuite hostname="Sathwik" failures="0" tests="5" name="testngPrograms.thirdprogram" time="32.465" errors="0" timestamp="2022-12-06T07:44:44 EST" skipped="0">
  <testcase classname="testngPrograms.thirdprogram" name="demo4" time="6.162"/>
  <system-out/>
  <testcase classname="testngPrograms.thirdprogram" name="demo5" time="6.318"/>
  <system-out/>
  <testcase classname="testngPrograms.thirdprogram" name="demo3" time="7.752"/>
  <system-out/>
  <testcase classname="testngPrograms.thirdprogram" name="demo1" time="5.959"/>
  <system-out/>
  <testcase classname="testngPrograms.thirdprogram" name="demo2" time="6.274"/>
  <system-out/>
</testsuite> <!-- testngPrograms.thirdprogram -->
