<?xml version="1.0" encoding="UTF-8"?>
<!-- Generated by org.testng.reporters.JUnitReportReporter -->
<testsuite hostname="Sathwik" failures="0" tests="1" name="testngPrograms.TestngFirstProgram" time="6.183" errors="0" timestamp="2022-12-07T08:18:13 EST" skipped="0">
  <testcase classname="testngPrograms.TestngFirstProgram" name="demoone" time="6.183"/>
  <system-out/>
</testsuite> <!-- testngPrograms.TestngFirstProgram -->
