<?xml version="1.0" encoding="UTF-8"?>
<!-- Generated by org.testng.reporters.JUnitReportReporter -->
<testsuite hostname="Sathwik" failures="0" tests="5" name="testngPrograms.firstprogram1" time="34.740" errors="0" timestamp="2022-12-06T08:26:11 EST" skipped="0">
  <testcase classname="testngPrograms.firstprogram1" name="demo2" time="9.248"/>
  <system-out/>
  <testcase classname="testngPrograms.firstprogram1" name="demo1" time="6.612"/>
  <system-out/>
  <testcase classname="testngPrograms.firstprogram1" name="demo3" time="6.697"/>
  <system-out/>
  <testcase classname="testngPrograms.firstprogram1" name="demo4" time="6.185"/>
  <system-out/>
  <testcase classname="testngPrograms.firstprogram1" name="demo5" time="5.998"/>
  <system-out/>
</testsuite> <!-- testngPrograms.firstprogram1 -->
