<?xml version="1.0" encoding="UTF-8"?>
<!-- Generated by org.testng.reporters.JUnitReportReporter -->
<testsuite hostname="Sathwik" failures="0" tests="5" name="testngPrograms.differentURLs" time="34.337" errors="0" timestamp="2022-12-05T23:56:12 EST" skipped="0">
  <testcase classname="testngPrograms.differentURLs" name="demo5" time="9.060"/>
  <system-out/>
  <testcase classname="testngPrograms.differentURLs" name="demo4" time="8.478"/>
  <system-out/>
  <testcase classname="testngPrograms.differentURLs" name="demo3" time="4.962"/>
  <system-out/>
  <testcase classname="testngPrograms.differentURLs" name="demo2" time="7.484"/>
  <system-out/>
  <testcase classname="testngPrograms.differentURLs" name="demo" time="4.353"/>
  <system-out/>
</testsuite> <!-- testngPrograms.differentURLs -->
