<?xml version="1.0" encoding="UTF-8"?>
<!-- Generated by org.testng.reporters.JUnitReportReporter -->
<testsuite hostname="Sathwik" failures="0" tests="5" name="testngPrograms.secondprogram" time="53.983" errors="0" timestamp="2022-12-06T08:27:53 EST" skipped="0">
  <testcase classname="testngPrograms.secondprogram" name="demo3" time="10.257"/>
  <system-out/>
  <testcase classname="testngPrograms.secondprogram" name="demo1" time="10.291"/>
  <system-out/>
  <testcase classname="testngPrograms.secondprogram" name="demo2" time="10.889"/>
  <system-out/>
  <testcase classname="testngPrograms.secondprogram" name="demo4" time="12.437"/>
  <system-out/>
  <testcase classname="testngPrograms.secondprogram" name="demo5" time="10.109"/>
  <system-out/>
</testsuite> <!-- testngPrograms.secondprogram -->
