<?xml version="1.0" encoding="UTF-8"?>
<!-- Generated by org.testng.reporters.JUnitReportReporter -->
<testsuite hostname="Sathwik" failures="0" tests="1" name="testngPrograms.thirdprogram" time="6.937" errors="0" timestamp="2022-12-07T08:18:13 EST" skipped="0">
  <testcase classname="testngPrograms.thirdprogram" name="demo3" time="6.937"/>
  <system-out/>
</testsuite> <!-- testngPrograms.thirdprogram -->
